Remove Pin=1P0V-1 From Net=VCCPINT
Remove Pin=1P3V_A-1 From Net=1P3_SUPPLY_A
Remove Pin=1P3V_B-1 From Net=1P3_SUPPLY_B
Remove Pin=1P8V_CLK-1 From Net=1P8V_CLK
Remove Pin=1V8-1 From Net=1V8
Remove Pin=1V8_2-1 From Net=1V8
Remove Pin=1V35-1 From Net=1V35
Remove Pin=ADC-1 From Net=AD9363_AUXADC
Remove Pin=DAC1-1 From Net=AD9363_AUXDAC1
Remove Pin=DAC2-1 From Net=AD9363_AUXDAC2
Remove Pin=GPO0-1 From Net=AD9363_GPO_0
Remove Pin=GPO1-1 From Net=AD9363_GPO_1
Remove Pin=GPO2-1 From Net=AD9363_GPO_2
Remove Pin=GPO3-1 From Net=AD9363_GPO_3
Remove Pin=JTAG_BOOT-1 From Net=PS_MIO05_500_QSPI0_IO3
Remove Pin=L7N-1 From Net=PL_GPIO3
Remove Pin=L9N-1 From Net=PL_GPIO4
Remove Pin=L10P-1 From Net=PL_GPIO0
Remove Pin=L12N-1 From Net=PL_GPIO1
Remove Pin=L24N-1 From Net=PL_GPIO2
Remove Pin=MIO0-1 From Net=PS_GPIO0
Remove Pin=MIO09-1 From Net=PS_GPIO3
Remove Pin=MIO10-1 From Net=PS_GPIO1
Remove Pin=MIO11-1 From Net=PS_GPIO2
Remove Pin=MIO48-1 From Net=PS_GPIO6
Remove Pin=MIO49-1 From Net=PS_GPIO5
Remove Pin=MIO53-1 From Net=PS_GPIO4
Remove Pin=PG_1P3V-1 From Net=PG_1P3V
Remove Pin=RX-1 From Net=UART_RX
Remove Pin=TCK-1 From Net=JTAG_TCK
Remove Pin=TDI-1 From Net=JTAG_TDI
Remove Pin=TDO-1 From Net=JTAG_TDO
Remove Pin=TMS-1 From Net=JTAG_TMS
Remove Pin=TX-1 From Net=UART_TX
Remove Pin=VDD_GPO-1 From Net=VDD_GPO
