Replace Part 98 ERJ2RK in D:\EEET 2022\SEM 2\Capstone B\PlutoV2\capstone\AD9363 OSCILLATORS.SchDoc with ERJ2RK from Panasonic Resistor.IntLib
Update Managed Component C121 From CMP-2006-02792-2[10uF] To CMP-2006-02792-2[GRM188R60J106ME47D] in AD9363 OSCILLATORS.SchDoc
Replace Part C122 GRM033R61C104ME84D in D:\EEET 2022\SEM 2\Capstone B\PlutoV2\capstone\AD9363 OSCILLATORS.SchDoc with GRM033R61C104ME84D from GRM033R61C104ME84D.IntLib
Update Managed Component C157 From CMP-2010-01507-2[18pF] To CMP-2010-01507-2[GRM0335C1H180JA01D] in AD9363 OSCILLATORS.SchDoc
Replace Part C179 GRM033R71A103KA01D in D:\EEET 2022\SEM 2\Capstone B\PlutoV2\capstone\AD9363 OSCILLATORS.SchDoc with GRM033R71A103KA01D from GRM033R71A103KA01D.IntLib
Replace Part C180 GRM033R71A103KA01D in D:\EEET 2022\SEM 2\Capstone B\PlutoV2\capstone\AD9363 OSCILLATORS.SchDoc with GRM033R71A103KA01D from GRM033R71A103KA01D.IntLib
Replace Part C204 GCM1555C1H470JA16D in D:\EEET 2022\SEM 2\Capstone B\PlutoV2\capstone\AD9363 OSCILLATORS.SchDoc with GCM1555C1H470JA16D from GCM1555C1H470JA16D.IntLib
Replace Part C205 GRM033R71A103KA01D in D:\EEET 2022\SEM 2\Capstone B\PlutoV2\capstone\AD9363 OSCILLATORS.SchDoc with GRM033R71A103KA01D from GRM033R71A103KA01D.IntLib
Update Managed Component CLK_IN From CMP-2000-05153-1[U.FL-R-SMT-1(01)] To CMP-2000-05153-1[U.FL-R-SMT-1(01)] in AD9363 OSCILLATORS.SchDoc
Update Managed Component CLK_OUT From CMP-2000-05153-1[U.FL-R-SMT-1(01)] To CMP-2000-05153-1[U.FL-R-SMT-1(01)] in AD9363 OSCILLATORS.SchDoc
Update Managed Component D7 From CMP-1063-00281-1[ESD8472MUT5G] To CMP-1063-00281-1[ESD8472MUT5G] in AD9363 OSCILLATORS.SchDoc
Update Managed Component D8 From CMP-1063-00281-1[ESD8472MUT5G] To CMP-1063-00281-1[ESD8472MUT5G] in AD9363 OSCILLATORS.SchDoc
Update Managed Component Q2 From CMP-1058-00767-1[BSS138LT1G] To CMP-1058-00767-1[BSS138LT1G] in AD9363 OSCILLATORS.SchDoc
Update Managed Component Q3 From CMP-1058-00767-1[BSS138LT1G] To CMP-1058-00767-1[BSS138LT1G] in AD9363 OSCILLATORS.SchDoc
Update Managed Component R5 From CMP-2004-03448-1[1K] To CMP-2004-03448-1[ERJ1GNF10R0C] in AD9363 OSCILLATORS.SchDoc
Update Managed Component R10 From CMP-1010-00001-3[0] To CMP-1010-00001-3[ERJ-1GN0R00C] in AD9363 OSCILLATORS.SchDoc
Replace Part R67 ERJ2RK in D:\EEET 2022\SEM 2\Capstone B\PlutoV2\capstone\AD9363 OSCILLATORS.SchDoc with ERJ2RK from Panasonic Resistor.IntLib
Replace Part R85 ERJ2RK in D:\EEET 2022\SEM 2\Capstone B\PlutoV2\capstone\AD9363 OSCILLATORS.SchDoc with ERJ2RK from Panasonic Resistor.IntLib
Replace Part R86 ERJ2RK in D:\EEET 2022\SEM 2\Capstone B\PlutoV2\capstone\AD9363 OSCILLATORS.SchDoc with ERJ2RK from Panasonic Resistor.IntLib
Replace Part R96 PCAN0603E49R9BST5 in D:\EEET 2022\SEM 2\Capstone B\PlutoV2\capstone\AD9363 OSCILLATORS.SchDoc with PCAN0603E49R9BST5 from SamacSys.SchLib
Replace Part R99 ERJ2RK in D:\EEET 2022\SEM 2\Capstone B\PlutoV2\capstone\AD9363 OSCILLATORS.SchDoc with ERJ2RK from Panasonic Resistor.IntLib
Replace Part R100 ERJ2RK in D:\EEET 2022\SEM 2\Capstone B\PlutoV2\capstone\AD9363 OSCILLATORS.SchDoc with ERJ2RK from Panasonic Resistor.IntLib
Replace Part R101 CRCW04022K20FKEDC in D:\EEET 2022\SEM 2\Capstone B\PlutoV2\capstone\AD9363 OSCILLATORS.SchDoc with CRCW04022K20FKEDC from CRCW04022K20FKEDC.IntLib
Replace Part R102 ERJ2GE in D:\EEET 2022\SEM 2\Capstone B\PlutoV2\capstone\AD9363 OSCILLATORS.SchDoc with ERJ2GE from Panasonic Resistor.IntLib
Replace Part R103 CRCW04022K20FKEDC in D:\EEET 2022\SEM 2\Capstone B\PlutoV2\capstone\AD9363 OSCILLATORS.SchDoc with CRCW04022K20FKEDC from CRCW04022K20FKEDC.IntLib
Replace Part U17 LTC6957HMS-3#PBF in D:\EEET 2022\SEM 2\Capstone B\PlutoV2\capstone\AD9363 OSCILLATORS.SchDoc with LTC6957HMS-3#PBF from SamacSys.SchLib
Replace Part Y3 40MHZXO in D:\EEET 2022\SEM 2\Capstone B\PlutoV2\capstone\AD9363 OSCILLATORS.SchDoc with 40MHZXO from RINALDOSCHEMS.SchLib
