Update Managed Component C171 From CMP-06035-023692-1[2.2uF] To CMP-06035-023692-1[GRM188R61H225KE11J] in CONNECTORS_SELECTORS.SchDoc
Update Managed Component C172 From CMP-06035-023692-1[2.2uF] To CMP-06035-023692-1[GRM188R61H225KE11J] in CONNECTORS_SELECTORS.SchDoc
Update Managed Component C182 From CMP-06035-023692-1[2.2uF] To CMP-06035-023692-1[GRM188R61H225KE11J] in CONNECTORS_SELECTORS.SchDoc
Update Managed Component C183 From CMP-13271-004036-1[0.1uF] To CMP-13271-004036-1[CL10B104KC8NNNC] in CONNECTORS_SELECTORS.SchDoc
Update Managed Component C184 From CMP-2000-06498-1[47uF] To CMP-2000-06498-1[JMK212BJ476MG-T] in CONNECTORS_SELECTORS.SchDoc
Update Managed Component C185 From CMP-2000-06498-1[47uF] To CMP-2000-06498-1[JMK212BJ476MG-T] in CONNECTORS_SELECTORS.SchDoc
Update Managed Component C209 From CMP-06035-003612-1[10uF] To CMP-06035-003612-1[GRM188R61A106ME69D] in CONNECTORS_SELECTORS.SchDoc
Update Managed Component C210 From CMP-06035-023692-1[2.2uF] To CMP-06035-023692-1[GRM188R61H225KE11J] in CONNECTORS_SELECTORS.SchDoc
Update Managed Component C211 From CMP-13271-004036-1[0.1uF] To CMP-13271-004036-1[CL10B104KC8NNNC] in CONNECTORS_SELECTORS.SchDoc
Update Managed Component C212 From CMP-13271-004036-1[0.1uF] To CMP-13271-004036-1[CL10B104KC8NNNC] in CONNECTORS_SELECTORS.SchDoc
Replace Part D1 SP3004-04XTG in D:\EEET 2022\SEM 2\Capstone B\PlutoV2\capstone\CONNECTORS_SELECTORS.SchDoc with SP3004-04XTG from SamacSys.SchLib
Replace Part D2 SP3004-04XTG in D:\EEET 2022\SEM 2\Capstone B\PlutoV2\capstone\CONNECTORS_SELECTORS.SchDoc with SP3004-04XTG from SamacSys.SchLib
Update Managed Component E3 From CMP-2000-05401-1[MPZ2012S601AT000] To CMP-2000-05401-1[MPZ2012S601AT000] in CONNECTORS_SELECTORS.SchDoc
Update Managed Component E9 From CMP-2000-05401-1[MPZ2012S601AT000] To CMP-2000-05401-1[MPZ2012S601AT000] in CONNECTORS_SELECTORS.SchDoc
Replace Part F1 0402L050SLKR in D:\EEET 2022\SEM 2\Capstone B\PlutoV2\capstone\CONNECTORS_SELECTORS.SchDoc with 0402L050SLKR from SamacSys.SchLib
Update Managed Component L6 From CMP-06045-000050-1[DLW21HN900SQ2L] To CMP-06045-000050-1[DLW21HN900SQ2L] in CONNECTORS_SELECTORS.SchDoc
Update Managed Component L10 From CMP-06045-000287-1[DLW5BSM801TQ2L] To CMP-06045-000287-1[DLW5BSM801TQ2L] in CONNECTORS_SELECTORS.SchDoc
Update Managed Component P1 From CMP-2000-05354-1[FTSH-105-01-L-DV] To CMP-2000-05354-1[FTSH-105-01-L-DV] in CONNECTORS_SELECTORS.SchDoc
Replace Part P2 USB3140-30-0070-1-C_REVE1 in D:\EEET 2022\SEM 2\Capstone B\PlutoV2\capstone\CONNECTORS_SELECTORS.SchDoc with USB3140-30-0070-1-C_REVE1 from USB3140-30-0070-1-C_REVE1.IntLib
Replace Part P3 USB3140-30-0070-1-C_REVE1 in D:\EEET 2022\SEM 2\Capstone B\PlutoV2\capstone\CONNECTORS_SELECTORS.SchDoc with USB3140-30-0070-1-C_REVE1 from USB3140-30-0070-1-C_REVE1.IntLib
Replace Part R70 ERJ2RK in D:\EEET 2022\SEM 2\Capstone B\PlutoV2\capstone\CONNECTORS_SELECTORS.SchDoc with ERJ2RK from Panasonic Resistor.IntLib
Replace Part R71 ERJ2RK in D:\EEET 2022\SEM 2\Capstone B\PlutoV2\capstone\CONNECTORS_SELECTORS.SchDoc with ERJ2RK from Panasonic Resistor.IntLib
Replace Part R72 ERJ2RK in D:\EEET 2022\SEM 2\Capstone B\PlutoV2\capstone\CONNECTORS_SELECTORS.SchDoc with ERJ2RK from Panasonic Resistor.IntLib
Update Managed Component R73 From CMP-2002-07697-1[470] To CMP-2002-07697-1[RC0402FR-07470RL] in CONNECTORS_SELECTORS.SchDoc
Update Managed Component R78 From CMP-2002-07697-1[470] To CMP-2002-07697-1[RC0402FR-07470RL] in CONNECTORS_SELECTORS.SchDoc
Replace Part R88 ERJ2RK in D:\EEET 2022\SEM 2\Capstone B\PlutoV2\capstone\CONNECTORS_SELECTORS.SchDoc with ERJ2RK from Panasonic Resistor.IntLib
Update Managed Component U8 From CMP-0479-00072-2[LTC4415EDHC#PBF] To CMP-0479-00072-2[LTC4415EDHC#PBF] in CONNECTORS_SELECTORS.SchDoc
Update Managed Component U16 From CMP-09134-000005-1[ADP198ACBZ-11-R7] To CMP-09134-000005-1[ADP198ACBZ-11-R7] in CONNECTORS_SELECTORS.SchDoc
