Replace Part C62 GRM033R71A103KA01D in D:\EEET 2022\SEM 2\Capstone B\PlutoV2\capstone\DDR3.SchDoc with GRM033R71A103KA01D from GRM033R71A103KA01D.IntLib
Replace Part C63 GRM033R71A103KA01D in D:\EEET 2022\SEM 2\Capstone B\PlutoV2\capstone\DDR3.SchDoc with GRM033R71A103KA01D from GRM033R71A103KA01D.IntLib
Update Managed Component C79 From CMP-2006-02792-2[10uF] To CMP-2006-02792-2[GRM188R60J106ME47D] in DDR3.SchDoc
Replace Part C80 GRM033R71A103KA01D in D:\EEET 2022\SEM 2\Capstone B\PlutoV2\capstone\DDR3.SchDoc with GRM033R71A103KA01D from GRM033R71A103KA01D.IntLib
Replace Part C81 080530250224KXT in D:\EEET 2022\SEM 2\Capstone B\PlutoV2\capstone\DDR3.SchDoc with 080530250224KXT from 080530250224KXT.SchLib
Update Managed Component C82 From CMP-2006-02792-2[10uF] To CMP-2006-02792-2[GRM188R60J106ME47D] in DDR3.SchDoc
Update Managed Component C83 From CMP-2006-02792-2[10uF] To CMP-2006-02792-2[GRM188R60J106ME47D] in DDR3.SchDoc
Replace Part C84 GRM033R71A103KA01D in D:\EEET 2022\SEM 2\Capstone B\PlutoV2\capstone\DDR3.SchDoc with GRM033R71A103KA01D from GRM033R71A103KA01D.IntLib
Update Managed Component C86 From CMP-2000-05437-2[4.7uF] To CMP-2000-05437-2[C1005X5R0J475K050BC] in DDR3.SchDoc
Update Managed Component C87 From CMP-2000-05437-2[4.7uF] To CMP-2000-05437-2[C1005X5R0J475K050BC] in DDR3.SchDoc
Update Managed Component C88 From CMP-2000-05437-2[0.47uF] To CMP-2000-05437-2[C1005X5R0J475K050BC] in DDR3.SchDoc
Update Managed Component C89 From CMP-2000-05437-2[0.47uF] To CMP-2000-05437-2[C1005X5R0J475K050BC] in DDR3.SchDoc
Replace Part C91 GRM033R61C104ME84D in D:\EEET 2022\SEM 2\Capstone B\PlutoV2\capstone\DDR3.SchDoc with GRM033R61C104ME84D from GRM033R61C104ME84D.IntLib
Replace Part C92 GRM033R61C104ME84D in D:\EEET 2022\SEM 2\Capstone B\PlutoV2\capstone\DDR3.SchDoc with GRM033R61C104ME84D from GRM033R61C104ME84D.IntLib
Replace Part C94 GRM033R61C104ME84D in D:\EEET 2022\SEM 2\Capstone B\PlutoV2\capstone\DDR3.SchDoc with GRM033R61C104ME84D from GRM033R61C104ME84D.IntLib
Replace Part C95 GRM033R61C104ME84D in D:\EEET 2022\SEM 2\Capstone B\PlutoV2\capstone\DDR3.SchDoc with GRM033R61C104ME84D from GRM033R61C104ME84D.IntLib
Replace Part C96 GRM033R61C104ME84D in D:\EEET 2022\SEM 2\Capstone B\PlutoV2\capstone\DDR3.SchDoc with GRM033R61C104ME84D from GRM033R61C104ME84D.IntLib
Replace Part C97 GRM033R61C104ME84D in D:\EEET 2022\SEM 2\Capstone B\PlutoV2\capstone\DDR3.SchDoc with GRM033R61C104ME84D from GRM033R61C104ME84D.IntLib
Update Managed Component C100 From CMP-1662-00011-2[100uF] To CMP-1662-00011-2[GRM31CR60J107ME39L] in DDR3.SchDoc
Update Managed Component C101 From CMP-2000-05437-2[4.7uF] To CMP-2000-05437-2[C1005X5R0J475K050BC] in DDR3.SchDoc
Replace Part C102 GRM033R71A103KA01D in D:\EEET 2022\SEM 2\Capstone B\PlutoV2\capstone\DDR3.SchDoc with GRM033R71A103KA01D from GRM033R71A103KA01D.IntLib
Replace Part R16 ERJ1GE in D:\EEET 2022\SEM 2\Capstone B\PlutoV2\capstone\DDR3.SchDoc with ERJ1GE from Panasonic Resistor.IntLib
Replace Part R17 ERJ1GE in D:\EEET 2022\SEM 2\Capstone B\PlutoV2\capstone\DDR3.SchDoc with ERJ1GE from Panasonic Resistor.IntLib
Replace Part R18 ERJ1GE in D:\EEET 2022\SEM 2\Capstone B\PlutoV2\capstone\DDR3.SchDoc with ERJ1GE from Panasonic Resistor.IntLib
Replace Part R19 ERJ1GE in D:\EEET 2022\SEM 2\Capstone B\PlutoV2\capstone\DDR3.SchDoc with ERJ1GE from Panasonic Resistor.IntLib
Replace Part R20 ERJ1GE in D:\EEET 2022\SEM 2\Capstone B\PlutoV2\capstone\DDR3.SchDoc with ERJ1GE from Panasonic Resistor.IntLib
Replace Part R21 ERJ1GE in D:\EEET 2022\SEM 2\Capstone B\PlutoV2\capstone\DDR3.SchDoc with ERJ1GE from Panasonic Resistor.IntLib
Replace Part R22 ERJ1GE in D:\EEET 2022\SEM 2\Capstone B\PlutoV2\capstone\DDR3.SchDoc with ERJ1GE from Panasonic Resistor.IntLib
Replace Part R23 ERJ1GE in D:\EEET 2022\SEM 2\Capstone B\PlutoV2\capstone\DDR3.SchDoc with ERJ1GE from Panasonic Resistor.IntLib
Replace Part R24 ERJ1GE in D:\EEET 2022\SEM 2\Capstone B\PlutoV2\capstone\DDR3.SchDoc with ERJ1GE from Panasonic Resistor.IntLib
Replace Part R25 ERJ1GE in D:\EEET 2022\SEM 2\Capstone B\PlutoV2\capstone\DDR3.SchDoc with ERJ1GE from Panasonic Resistor.IntLib
Replace Part R26 ERJ1GE in D:\EEET 2022\SEM 2\Capstone B\PlutoV2\capstone\DDR3.SchDoc with ERJ1GE from Panasonic Resistor.IntLib
Replace Part R27 ERJ1GE in D:\EEET 2022\SEM 2\Capstone B\PlutoV2\capstone\DDR3.SchDoc with ERJ1GE from Panasonic Resistor.IntLib
Replace Part R28 ERJ1GE in D:\EEET 2022\SEM 2\Capstone B\PlutoV2\capstone\DDR3.SchDoc with ERJ1GE from Panasonic Resistor.IntLib
Replace Part R29 ERJ1GE in D:\EEET 2022\SEM 2\Capstone B\PlutoV2\capstone\DDR3.SchDoc with ERJ1GE from Panasonic Resistor.IntLib
Replace Part R30 ERJ1GE in D:\EEET 2022\SEM 2\Capstone B\PlutoV2\capstone\DDR3.SchDoc with ERJ1GE from Panasonic Resistor.IntLib
Replace Part R31 ERJ1GE in D:\EEET 2022\SEM 2\Capstone B\PlutoV2\capstone\DDR3.SchDoc with ERJ1GE from Panasonic Resistor.IntLib
Replace Part R32 ERJ1GE in D:\EEET 2022\SEM 2\Capstone B\PlutoV2\capstone\DDR3.SchDoc with ERJ1GE from Panasonic Resistor.IntLib
Replace Part R33 ERJ1GE in D:\EEET 2022\SEM 2\Capstone B\PlutoV2\capstone\DDR3.SchDoc with ERJ1GE from Panasonic Resistor.IntLib
Replace Part R34 ERJ1GE in D:\EEET 2022\SEM 2\Capstone B\PlutoV2\capstone\DDR3.SchDoc with ERJ1GE from Panasonic Resistor.IntLib
Replace Part R35 ERJ1GE in D:\EEET 2022\SEM 2\Capstone B\PlutoV2\capstone\DDR3.SchDoc with ERJ1GE from Panasonic Resistor.IntLib
Replace Part R36 ERJ1GE in D:\EEET 2022\SEM 2\Capstone B\PlutoV2\capstone\DDR3.SchDoc with ERJ1GE from Panasonic Resistor.IntLib
Replace Part R37 ERJ1GE in D:\EEET 2022\SEM 2\Capstone B\PlutoV2\capstone\DDR3.SchDoc with ERJ1GE from Panasonic Resistor.IntLib
Replace Part R38 ERJ1GE in D:\EEET 2022\SEM 2\Capstone B\PlutoV2\capstone\DDR3.SchDoc with ERJ1GE from Panasonic Resistor.IntLib
Replace Part R39 ERJ1GE in D:\EEET 2022\SEM 2\Capstone B\PlutoV2\capstone\DDR3.SchDoc with ERJ1GE from Panasonic Resistor.IntLib
Replace Part R40 ERJ2RK in D:\EEET 2022\SEM 2\Capstone B\PlutoV2\capstone\DDR3.SchDoc with ERJ2RK from Panasonic Resistor.IntLib
Replace Part R41 ERJ2RK in D:\EEET 2022\SEM 2\Capstone B\PlutoV2\capstone\DDR3.SchDoc with ERJ2RK from Panasonic Resistor.IntLib
Replace Part R42 ERJ2RK in D:\EEET 2022\SEM 2\Capstone B\PlutoV2\capstone\DDR3.SchDoc with ERJ2RK from Panasonic Resistor.IntLib
Update Managed Component R43 From CMP-2002-05896-1[0] To CMP-2002-05896-1[MC00625W040210R] in DDR3.SchDoc
Update Managed Component R44 From CMP-2002-05896-1[0] To CMP-2002-05896-1[MC00625W040210R] in DDR3.SchDoc
Replace Part R142 ERJ2RK in D:\EEET 2022\SEM 2\Capstone B\PlutoV2\capstone\DDR3.SchDoc with ERJ2RK from Panasonic Resistor.IntLib
Replace Part R165 ERJ2RK in D:\EEET 2022\SEM 2\Capstone B\PlutoV2\capstone\DDR3.SchDoc with ERJ2RK from Panasonic Resistor.IntLib
Replace Part R221 ERJ2RK in D:\EEET 2022\SEM 2\Capstone B\PlutoV2\capstone\DDR3.SchDoc with ERJ2RK from Panasonic Resistor.IntLib
Replace Part R222 ERJ2RK in D:\EEET 2022\SEM 2\Capstone B\PlutoV2\capstone\DDR3.SchDoc with ERJ2RK from Panasonic Resistor.IntLib
Update Managed Component U2 From CMP-2000-06773-2[MT41K256M16TW-107 IT:P] To CMP-2000-06773-2[MT41K256M16TW-107 IT:P] in DDR3.SchDoc
Update Managed Component U2 From CMP-2000-06773-2[MT41K256M16TW-107 IT:P] To CMP-2000-06773-2[MT41K256M16TW-107 IT:P] in DDR3.SchDoc
Update Managed Component U2 From CMP-2000-06773-2[MT41K256M16TW-107 IT:P] To CMP-2000-06773-2[MT41K256M16TW-107 IT:P] in DDR3.SchDoc
Replace Part U4 XC7Z010-1CLG225C in D:\EEET 2022\SEM 2\Capstone B\PlutoV2\capstone\DDR3.SchDoc with XC7Z010-1CLG225C from XC7Z010-1CLG225C.IntLib
Update Managed Component U14 From CMP-0395-00678-2[TPS51206DSQR] To CMP-0395-00678-2[TPS51206DSQR] in DDR3.SchDoc
