Add Pin To Net: Unknown Pin: Pin 1P0V-1
Add Pin To Net: Unknown Pin: Pin 1P3V_A-1
Add Pin To Net: Unknown Pin: Pin 1P3V_B-1
Add Pin To Net: Unknown Pin: Pin 1P8V_CLK-1
Add Pin To Net: Unknown Pin: Pin 1V8-1
Add Pin To Net: Unknown Pin: Pin 1V8_2-1
Add Pin To Net: Unknown Pin: Pin 1V35-1
Add Pin To Net: Unknown Pin: Pin ADC-1
Add Pin To Net: Unknown Pin: Pin DAC1-1
Add Pin To Net: Unknown Pin: Pin DAC2-1
Add Pin To Net: Unknown Pin: Pin GND1-1
Add Pin To Net: Unknown Pin: Pin GND2-1
Add Pin To Net: Unknown Pin: Pin GND3-1
Add Pin To Net: Unknown Pin: Pin GND4-1
Add Pin To Net: Unknown Pin: Pin GPO0-1
Add Pin To Net: Unknown Pin: Pin GPO1-1
Add Pin To Net: Unknown Pin: Pin GPO2-1
Add Pin To Net: Unknown Pin: Pin GPO3-1
Add Pin To Net: Unknown Pin: Pin JTAG_BOOT-1
Add Pin To Net: Unknown Pin: Pin L7N-1
Add Pin To Net: Unknown Pin: Pin L9N-1
Add Pin To Net: Unknown Pin: Pin L10P-1
Add Pin To Net: Unknown Pin: Pin L12N-1
Add Pin To Net: Unknown Pin: Pin L24N-1
Add Pin To Net: Unknown Pin: Pin MIO0-1
Add Pin To Net: Unknown Pin: Pin MIO09-1
Add Pin To Net: Unknown Pin: Pin MIO10-1
Add Pin To Net: Unknown Pin: Pin MIO11-1
Add Pin To Net: Unknown Pin: Pin MIO48-1
Add Pin To Net: Unknown Pin: Pin MIO49-1
Add Pin To Net: Unknown Pin: Pin MIO53-1
Add Pin To Net: Unknown Pin: Pin PG_1P3V-1
Add Pin To Net: Unknown Pin: Pin PGND-1
Add Pin To Net: Unknown Pin: Pin RX-1
Add Pin To Net: Unknown Pin: Pin TCK-1
Add Pin To Net: Unknown Pin: Pin TDI-1
Add Pin To Net: Unknown Pin: Pin TDO-1
Add Pin To Net: Unknown Pin: Pin TMS-1
Add Pin To Net: Unknown Pin: Pin TX-1
Add Pin To Net: Unknown Pin: Pin VDD_GPO-1
