Replace Part C1 GRM033R61C104ME84D in D:\EEET 2022\SEM 2\Capstone B\PlutoV2\capstone\POWERMANAGE.SchDoc with GRM033R61C104ME84D from GRM033R61C104ME84D.IntLib
Replace Part C2 GRM033R71A103KA01D in D:\EEET 2022\SEM 2\Capstone B\PlutoV2\capstone\POWERMANAGE.SchDoc with GRM033R71A103KA01D from GRM033R71A103KA01D.IntLib
Update Managed Component C3 From CMP-2006-02792-2[10uF] To CMP-2006-02792-2[GRM188R60J106ME47D] in POWERMANAGE.SchDoc
Update Managed Component C4 From CMP-2006-02792-2[10uF] To CMP-2006-02792-2[GRM188R60J106ME47D] in POWERMANAGE.SchDoc
Replace Part C5 GRM033R61C104ME84D in D:\EEET 2022\SEM 2\Capstone B\PlutoV2\capstone\POWERMANAGE.SchDoc with GRM033R61C104ME84D from GRM033R61C104ME84D.IntLib
Replace Part C6 GRM033R61C104ME84D in D:\EEET 2022\SEM 2\Capstone B\PlutoV2\capstone\POWERMANAGE.SchDoc with GRM033R61C104ME84D from GRM033R61C104ME84D.IntLib
Replace Part C8 GRM033R61C104ME84D in D:\EEET 2022\SEM 2\Capstone B\PlutoV2\capstone\POWERMANAGE.SchDoc with GRM033R61C104ME84D from GRM033R61C104ME84D.IntLib
Replace Part C9 GRM033R71A103KA01D in D:\EEET 2022\SEM 2\Capstone B\PlutoV2\capstone\POWERMANAGE.SchDoc with GRM033R71A103KA01D from GRM033R71A103KA01D.IntLib
Replace Part C10 GRM033R61C104ME84D in D:\EEET 2022\SEM 2\Capstone B\PlutoV2\capstone\POWERMANAGE.SchDoc with GRM033R61C104ME84D from GRM033R61C104ME84D.IntLib
Update Managed Component C11 From CMP-2000-06498-1[47uF] To CMP-2000-06498-1[JMK212BJ476MG-T] in POWERMANAGE.SchDoc
Replace Part C12 GRM033R71A103KA01D in D:\EEET 2022\SEM 2\Capstone B\PlutoV2\capstone\POWERMANAGE.SchDoc with GRM033R71A103KA01D from GRM033R71A103KA01D.IntLib
Update Managed Component C13 From CMP-06035-003612-1[0.1uF] To CMP-06035-003612-1[GRM188R61A106ME69D] in POWERMANAGE.SchDoc
Update Managed Component C14 From CMP-2006-02792-2[10uF] To CMP-2006-02792-2[GRM188R60J106ME47D] in POWERMANAGE.SchDoc
Update Managed Component C15 From CMP-2006-02792-2[10uF] To CMP-2006-02792-2[GRM188R60J106ME47D] in POWERMANAGE.SchDoc
Replace Part C16 GRM033R61C104ME84D in D:\EEET 2022\SEM 2\Capstone B\PlutoV2\capstone\POWERMANAGE.SchDoc with GRM033R61C104ME84D from GRM033R61C104ME84D.IntLib
Update Managed Component C17 From CMP-2000-06498-1[47uH] To CMP-2000-06498-1[JMK212BJ476MG-T] in POWERMANAGE.SchDoc
Replace Part C18 GRM033R61C104ME84D in D:\EEET 2022\SEM 2\Capstone B\PlutoV2\capstone\POWERMANAGE.SchDoc with GRM033R61C104ME84D from GRM033R61C104ME84D.IntLib
Update Managed Component C19 From CMP-2000-06498-1[47uH] To CMP-2000-06498-1[JMK212BJ476MG-T] in POWERMANAGE.SchDoc
Update Managed Component C20 From CMP-2000-06498-1[47uH] To CMP-2000-06498-1[JMK212BJ476MG-T] in POWERMANAGE.SchDoc
Update Managed Component C21 From CMP-2000-06498-1[47uH] To CMP-2000-06498-1[JMK212BJ476MG-T] in POWERMANAGE.SchDoc
Update Managed Component C22 From CMP-2006-02792-2[10uF] To CMP-2006-02792-2[GRM188R60J106ME47D] in POWERMANAGE.SchDoc
Replace Part C23 GRM033R71A103KA01D in D:\EEET 2022\SEM 2\Capstone B\PlutoV2\capstone\POWERMANAGE.SchDoc with GRM033R71A103KA01D from GRM033R71A103KA01D.IntLib
Replace Part C24 GRM033R71A103KA01D in D:\EEET 2022\SEM 2\Capstone B\PlutoV2\capstone\POWERMANAGE.SchDoc with GRM033R71A103KA01D from GRM033R71A103KA01D.IntLib
Replace Part C25 GRM033R61C104ME84D in D:\EEET 2022\SEM 2\Capstone B\PlutoV2\capstone\POWERMANAGE.SchDoc with GRM033R61C104ME84D from GRM033R61C104ME84D.IntLib
Replace Part C26 GRM033R71A103KA01D in D:\EEET 2022\SEM 2\Capstone B\PlutoV2\capstone\POWERMANAGE.SchDoc with GRM033R71A103KA01D from GRM033R71A103KA01D.IntLib
Replace Part C27 GRM033R71A103KA01D in D:\EEET 2022\SEM 2\Capstone B\PlutoV2\capstone\POWERMANAGE.SchDoc with GRM033R71A103KA01D from GRM033R71A103KA01D.IntLib
Update Managed Component C28 From CMP-14477-000104-2[1uF] To CMP-14477-000104-2[EMK105BJ105KV-F] in POWERMANAGE.SchDoc
Update Managed Component C29 From CMP-14477-000104-2[1uF] To CMP-14477-000104-2[EMK105BJ105KV-F] in POWERMANAGE.SchDoc
Update Managed Component C30 From CMP-14477-000104-2[1uF] To CMP-14477-000104-2[EMK105BJ105KV-F] in POWERMANAGE.SchDoc
Update Managed Component C31 From CMP-14477-000104-2[1uF] To CMP-14477-000104-2[EMK105BJ105KV-F] in POWERMANAGE.SchDoc
Update Managed Component C32 From CMP-2006-02792-2[10uF] To CMP-2006-02792-2[GRM188R60J106ME47D] in POWERMANAGE.SchDoc
Replace Part C33 GRM033R61C104ME84D in D:\EEET 2022\SEM 2\Capstone B\PlutoV2\capstone\POWERMANAGE.SchDoc with GRM033R61C104ME84D from GRM033R61C104ME84D.IntLib
Update Managed Component C34 From CMP-14477-000104-2[1uF] To CMP-14477-000104-2[EMK105BJ105KV-F] in POWERMANAGE.SchDoc
Update Managed Component C35 From CMP-14477-000104-2[1uF] To CMP-14477-000104-2[EMK105BJ105KV-F] in POWERMANAGE.SchDoc
Update Managed Component C36 From CMP-14477-000104-2[1uF] To CMP-14477-000104-2[EMK105BJ105KV-F] in POWERMANAGE.SchDoc
Update Managed Component C37 From CMP-14477-000104-2[1uF] To CMP-14477-000104-2[EMK105BJ105KV-F] in POWERMANAGE.SchDoc
Update Managed Component C38 From CMP-14477-000104-2[1uF] To CMP-14477-000104-2[EMK105BJ105KV-F] in POWERMANAGE.SchDoc
Replace Part C39 GRM033R71A103KA01D in D:\EEET 2022\SEM 2\Capstone B\PlutoV2\capstone\POWERMANAGE.SchDoc with GRM033R71A103KA01D from GRM033R71A103KA01D.IntLib
Replace Part C40 GRM033R71A103KA01D in D:\EEET 2022\SEM 2\Capstone B\PlutoV2\capstone\POWERMANAGE.SchDoc with GRM033R71A103KA01D from GRM033R71A103KA01D.IntLib
Replace Part C41 GRM033R71A103KA01D in D:\EEET 2022\SEM 2\Capstone B\PlutoV2\capstone\POWERMANAGE.SchDoc with GRM033R71A103KA01D from GRM033R71A103KA01D.IntLib
Replace Part C42 GRM033R71A103KA01D in D:\EEET 2022\SEM 2\Capstone B\PlutoV2\capstone\POWERMANAGE.SchDoc with GRM033R71A103KA01D from GRM033R71A103KA01D.IntLib
Replace Part C43 GRM033R71A103KA01D in D:\EEET 2022\SEM 2\Capstone B\PlutoV2\capstone\POWERMANAGE.SchDoc with GRM033R71A103KA01D from GRM033R71A103KA01D.IntLib
Replace Part C44 GRM033R71A103KA01D in D:\EEET 2022\SEM 2\Capstone B\PlutoV2\capstone\POWERMANAGE.SchDoc with GRM033R71A103KA01D from GRM033R71A103KA01D.IntLib
Update Managed Component C45 From CMP-14477-000104-2[1uF] To CMP-14477-000104-2[EMK105BJ105KV-F] in POWERMANAGE.SchDoc
Replace Part C191 GRM033R71A103KA01D in D:\EEET 2022\SEM 2\Capstone B\PlutoV2\capstone\POWERMANAGE.SchDoc with GRM033R71A103KA01D from GRM033R71A103KA01D.IntLib
Update Managed Component C192 From CMP-14477-000104-2[1uF] To CMP-14477-000104-2[EMK105BJ105KV-F] in POWERMANAGE.SchDoc
Update Managed Component E4 From CMP-2000-05399-1[100OHM FERRITE] To CMP-2000-05399-1[MPZ2012S101A] in POWERMANAGE.SchDoc
Replace Part L4 XFL4020-102MEB in D:\EEET 2022\SEM 2\Capstone B\PlutoV2\capstone\POWERMANAGE.SchDoc with XFL4020-102MEB from SamacSys.SchLib
Update Managed Component R1 From CMP-2004-03448-1[10] To CMP-2004-03448-1[ERJ1GNF10R0C] in POWERMANAGE.SchDoc
Replace Part R2 ERJ2RK in D:\EEET 2022\SEM 2\Capstone B\PlutoV2\capstone\POWERMANAGE.SchDoc with ERJ2RK from Panasonic Resistor.IntLib
Replace Part R3 ERJ1GE in D:\EEET 2022\SEM 2\Capstone B\PlutoV2\capstone\POWERMANAGE.SchDoc with ERJ1GE from Panasonic Resistor.IntLib
Replace Part R4 ERJ2RK in D:\EEET 2022\SEM 2\Capstone B\PlutoV2\capstone\POWERMANAGE.SchDoc with ERJ2RK from Panasonic Resistor.IntLib
Replace Part R6 Res1 in D:\EEET 2022\SEM 2\Capstone B\PlutoV2\capstone\POWERMANAGE.SchDoc with Res1 from Miscellaneous Devices.IntLib
Replace Part R7 ERJ2RK in D:\EEET 2022\SEM 2\Capstone B\PlutoV2\capstone\POWERMANAGE.SchDoc with ERJ2RK from Panasonic Resistor.IntLib
Replace Part U1 ADP1754ACPZ-1.3-R7 in D:\EEET 2022\SEM 2\Capstone B\PlutoV2\capstone\POWERMANAGE.SchDoc with ADP1754ACPZ-1.3-R7 from SamacSys.SchLib
Update Managed Component U3 From CMP-09139-000017-1[ADP2164ACPZ-R7] To CMP-09139-000017-1[ADP2164ACPZ-R7] in POWERMANAGE.SchDoc
Replace Part U7 ADP1754ACPZ-1.3-R7 in D:\EEET 2022\SEM 2\Capstone B\PlutoV2\capstone\POWERMANAGE.SchDoc with ADP1754ACPZ-1.3-R7 from SamacSys.SchLib
