Update Managed Component 137 From CMP-06035-003612-1[10uF] To CMP-06035-003612-1[GRM188R61A106ME69D] in POWERREG.SchDoc
Replace Part C7 GRM033R61C104ME84D in D:\EEET 2022\SEM 2\Capstone B\PlutoV2\capstone\POWERREG.SchDoc with GRM033R61C104ME84D from GRM033R61C104ME84D.IntLib
Update Managed Component C135 From CMP-06035-003612-1[10uF] To CMP-06035-003612-1[GRM188R61A106ME69D] in POWERREG.SchDoc
Update Managed Component C136 From CMP-06035-003612-1[10uF] To CMP-06035-003612-1[GRM188R61A106ME69D] in POWERREG.SchDoc
Update Managed Component C138 From CMP-06035-003612-1[10uF] To CMP-06035-003612-1[GRM188R61A106ME69D] in POWERREG.SchDoc
Update Managed Component C139 From CMP-2008-03720-2[0.047uF] To CMP-2008-03720-2[GCM155R71E473KA55D] in POWERREG.SchDoc
Update Managed Component C141 From CMP-14477-000104-2[1uF] To CMP-14477-000104-2[EMK105BJ105KV-F] in POWERREG.SchDoc
Update Managed Component C142 From CMP-06035-010111-1[150pF] To CMP-06035-010111-1[GCM1555C1H151FA16D] in POWERREG.SchDoc
Replace Part C143 CGJ2B2C0G1H181J050BA in D:\EEET 2022\SEM 2\Capstone B\PlutoV2\capstone\POWERREG.SchDoc with CGJ2B2C0G1H181J050BA from SamacSys.SchLib
Update Managed Component C144 From CMP-1034-01779-2[0.0033uF] To CMP-1034-01779-2[CC0402KRX7R9BB332] in POWERREG.SchDoc
Update Managed Component C145 From CMP-2000-06498-1[47uF] To CMP-2000-06498-1[JMK212BJ476MG-T] in POWERREG.SchDoc
Replace Part C146 CL21A226KPCLRNC in D:\EEET 2022\SEM 2\Capstone B\PlutoV2\capstone\POWERREG.SchDoc with CL21A226KPCLRNC from SamacSys.SchLib
Update Managed Component C147 From CMP-2008-02976-1[5.6nF] To CMP-2008-02976-1[04025C562JAT2A] in POWERREG.SchDoc
Update Managed Component C148 From CMP-2000-06498-1[47uF] To CMP-2000-06498-1[JMK212BJ476MG-T] in POWERREG.SchDoc
Update Managed Component C149 From CMP-1662-00011-2[100uF] To CMP-1662-00011-2[GRM31CR60J107ME39L] in POWERREG.SchDoc
Update Managed Component C150 From CMP-1662-00011-2[100uF] To CMP-1662-00011-2[GRM31CR60J107ME39L] in POWERREG.SchDoc
Update Managed Component C151 From CMP-2006-02792-2[10uF] To CMP-2006-02792-2[GRM188R60J106ME47D] in POWERREG.SchDoc
Update Managed Component C152 From CMP-2006-02792-2[10uF] To CMP-2006-02792-2[GRM188R60J106ME47D] in POWERREG.SchDoc
Replace Part L2 XFL4020-152MEB in D:\EEET 2022\SEM 2\Capstone B\PlutoV2\capstone\POWERREG.SchDoc with XFL4020-152MEB from SamacSys.SchLib
Replace Part L3 XFL4020-152MEB in D:\EEET 2022\SEM 2\Capstone B\PlutoV2\capstone\POWERREG.SchDoc with XFL4020-152MEB from SamacSys.SchLib
Replace Part L5 EPL2010-271MLB in D:\EEET 2022\SEM 2\Capstone B\PlutoV2\capstone\POWERREG.SchDoc with EPL2010-271MLB from SamacSys.SchLib
Update Managed Component R50 From CMP-2002-00608-4[100K] To CMP-2002-00608-4[ERJ-2RKF1003X] in POWERREG.SchDoc
Replace Part R53 ERJ2RK in D:\EEET 2022\SEM 2\Capstone B\PlutoV2\capstone\POWERREG.SchDoc with ERJ2RK from Panasonic Resistor.IntLib
Replace Part R54 ERJ2RK in D:\EEET 2022\SEM 2\Capstone B\PlutoV2\capstone\POWERREG.SchDoc with ERJ2RK from Panasonic Resistor.IntLib
Update Managed Component R56 From CMP-2004-03448-1[10] To CMP-2004-03448-1[ERJ1GNF10R0C] in POWERREG.SchDoc
Update Managed Component R59 From CMP-2002-00608-4[100K] To CMP-2002-00608-4[ERJ-2RKF1003X] in POWERREG.SchDoc
Replace Part R60 ERJ2RK in D:\EEET 2022\SEM 2\Capstone B\PlutoV2\capstone\POWERREG.SchDoc with ERJ2RK from Panasonic Resistor.IntLib
Replace Part R61 ERJ2RK in D:\EEET 2022\SEM 2\Capstone B\PlutoV2\capstone\POWERREG.SchDoc with ERJ2RK from Panasonic Resistor.IntLib
Replace Part R62 ERJ3EK in D:\EEET 2022\SEM 2\Capstone B\PlutoV2\capstone\POWERREG.SchDoc with ERJ3EK from Panasonic Resistor.IntLib
Replace Part R63 ERJ3EK in D:\EEET 2022\SEM 2\Capstone B\PlutoV2\capstone\POWERREG.SchDoc with ERJ3EK from Panasonic Resistor.IntLib
Replace Part R64 ERJ2RK in D:\EEET 2022\SEM 2\Capstone B\PlutoV2\capstone\POWERREG.SchDoc with ERJ2RK from Panasonic Resistor.IntLib
Replace Part R65 ERJ2RK in D:\EEET 2022\SEM 2\Capstone B\PlutoV2\capstone\POWERREG.SchDoc with ERJ2RK from Panasonic Resistor.IntLib
Replace Part R89 ERJ2RK in D:\EEET 2022\SEM 2\Capstone B\PlutoV2\capstone\POWERREG.SchDoc with ERJ2RK from Panasonic Resistor.IntLib
Replace Part R90 ERJ2RK in D:\EEET 2022\SEM 2\Capstone B\PlutoV2\capstone\POWERREG.SchDoc with ERJ2RK from Panasonic Resistor.IntLib
Replace Part U6 ADP2114ACPZ-R7 in D:\EEET 2022\SEM 2\Capstone B\PlutoV2\capstone\POWERREG.SchDoc with ADP2114ACPZ-R7 from ADP2114ACPZ-R7.SchLib
