Replace Part C46 GRM033R61C104ME84D in D:\EEET 2022\SEM 2\Capstone B\PlutoV2\capstone\USB.SchDoc with GRM033R61C104ME84D from GRM033R61C104ME84D.IntLib
Replace Part C47 GRM033R61C104ME84D in D:\EEET 2022\SEM 2\Capstone B\PlutoV2\capstone\USB.SchDoc with GRM033R61C104ME84D from GRM033R61C104ME84D.IntLib
Replace Part C140 EMK105BJ105KV-F in D:\EEET 2022\SEM 2\Capstone B\PlutoV2\capstone\USB.SchDoc with EMK105BJ105KV-F from EMK105BJ105KV-F.IntLib
Replace Part C154 EMK105BJ105KV-F in D:\EEET 2022\SEM 2\Capstone B\PlutoV2\capstone\USB.SchDoc with EMK105BJ105KV-F from EMK105BJ105KV-F.IntLib
Replace Part C163 GRM033R61C104ME84D in D:\EEET 2022\SEM 2\Capstone B\PlutoV2\capstone\USB.SchDoc with GRM033R61C104ME84D from GRM033R61C104ME84D.IntLib
Replace Part C164 GRM033R61C104ME84D in D:\EEET 2022\SEM 2\Capstone B\PlutoV2\capstone\USB.SchDoc with GRM033R61C104ME84D from GRM033R61C104ME84D.IntLib
Replace Part C165 GRM188R61H225KE11J in D:\EEET 2022\SEM 2\Capstone B\PlutoV2\capstone\USB.SchDoc with GRM188R61H225KE11J from GRM188R61H225KE11J.IntLib
Replace Part C168 EMK105BJ105KV-F in D:\EEET 2022\SEM 2\Capstone B\PlutoV2\capstone\USB.SchDoc with EMK105BJ105KV-F from EMK105BJ105KV-F.IntLib
Replace Part C186 EMK105BJ105KV-F in D:\EEET 2022\SEM 2\Capstone B\PlutoV2\capstone\USB.SchDoc with EMK105BJ105KV-F from EMK105BJ105KV-F.IntLib
Replace Part C187 GRM033R71A103KA01D in D:\EEET 2022\SEM 2\Capstone B\PlutoV2\capstone\USB.SchDoc with GRM033R71A103KA01D from GRM033R71A103KA01D.IntLib
Replace Part C188 GRM033R61C104ME84D in D:\EEET 2022\SEM 2\Capstone B\PlutoV2\capstone\USB.SchDoc with GRM033R61C104ME84D from GRM033R61C104ME84D.IntLib
Replace Part C189 GRM033R61C104ME84D in D:\EEET 2022\SEM 2\Capstone B\PlutoV2\capstone\USB.SchDoc with GRM033R61C104ME84D from GRM033R61C104ME84D.IntLib
Replace Part C190 GRM033R61C104ME84D in D:\EEET 2022\SEM 2\Capstone B\PlutoV2\capstone\USB.SchDoc with GRM033R61C104ME84D from GRM033R61C104ME84D.IntLib
Replace Part C196 GCM1555C1H470JA16D in D:\EEET 2022\SEM 2\Capstone B\PlutoV2\capstone\USB.SchDoc with GCM1555C1H470JA16D from GCM1555C1H470JA16D.IntLib
Replace Part C197 GCM1555C1H470JA16D in D:\EEET 2022\SEM 2\Capstone B\PlutoV2\capstone\USB.SchDoc with GCM1555C1H470JA16D from GCM1555C1H470JA16D.IntLib
Replace Part C215 GRM188R61H225KE11J in D:\EEET 2022\SEM 2\Capstone B\PlutoV2\capstone\USB.SchDoc with GRM188R61H225KE11J from GRM188R61H225KE11J.IntLib
Replace Part R12 ERJ2GE in D:\EEET 2022\SEM 2\Capstone B\PlutoV2\capstone\USB.SchDoc with ERJ2GE from Panasonic Resistor.IntLib
Replace Part R13 ERJ2RK in D:\EEET 2022\SEM 2\Capstone B\PlutoV2\capstone\USB.SchDoc with ERJ2RK from Panasonic Resistor.IntLib
Replace Part R57 ERJ2RK in D:\EEET 2022\SEM 2\Capstone B\PlutoV2\capstone\USB.SchDoc with ERJ2RK from Panasonic Resistor.IntLib
Replace Part R74 ERJ2RK in D:\EEET 2022\SEM 2\Capstone B\PlutoV2\capstone\USB.SchDoc with ERJ2RK from Panasonic Resistor.IntLib
Replace Part R76 ERJ2RK in D:\EEET 2022\SEM 2\Capstone B\PlutoV2\capstone\USB.SchDoc with ERJ2RK from Panasonic Resistor.IntLib
Replace Part R77 ERJ2RK in D:\EEET 2022\SEM 2\Capstone B\PlutoV2\capstone\USB.SchDoc with ERJ2RK from Panasonic Resistor.IntLib
Replace Part R79 ERJ2GE in D:\EEET 2022\SEM 2\Capstone B\PlutoV2\capstone\USB.SchDoc with ERJ2GE from Panasonic Resistor.IntLib
Replace Part R80 ERJ2RK in D:\EEET 2022\SEM 2\Capstone B\PlutoV2\capstone\USB.SchDoc with ERJ2RK from Panasonic Resistor.IntLib
Replace Part R81 ERJ2GE in D:\EEET 2022\SEM 2\Capstone B\PlutoV2\capstone\USB.SchDoc with ERJ2GE from Panasonic Resistor.IntLib
Replace Part R82 ERJ2GE in D:\EEET 2022\SEM 2\Capstone B\PlutoV2\capstone\USB.SchDoc with ERJ2GE from Panasonic Resistor.IntLib
Replace Part R83 ERJ2RK in D:\EEET 2022\SEM 2\Capstone B\PlutoV2\capstone\USB.SchDoc with ERJ2RK from Panasonic Resistor.IntLib
Replace Part R84 ERJ2RK in D:\EEET 2022\SEM 2\Capstone B\PlutoV2\capstone\USB.SchDoc with ERJ2RK from Panasonic Resistor.IntLib
Replace Part R92 ERJ2RK in D:\EEET 2022\SEM 2\Capstone B\PlutoV2\capstone\USB.SchDoc with ERJ2RK from Panasonic Resistor.IntLib
Replace Part R93 ERJ2RK in D:\EEET 2022\SEM 2\Capstone B\PlutoV2\capstone\USB.SchDoc with ERJ2RK from Panasonic Resistor.IntLib
Replace Part R94 ERJ2RK in D:\EEET 2022\SEM 2\Capstone B\PlutoV2\capstone\USB.SchDoc with ERJ2RK from Panasonic Resistor.IntLib
Replace Part R95 ERJ2GE in D:\EEET 2022\SEM 2\Capstone B\PlutoV2\capstone\USB.SchDoc with ERJ2GE from Panasonic Resistor.IntLib
Replace Part R107 ERJ2RK in D:\EEET 2022\SEM 2\Capstone B\PlutoV2\capstone\USB.SchDoc with ERJ2RK from Panasonic Resistor.IntLib
Update Managed Component S1 From CMP-10040-000012-1[PTS840 GKP SMTR LFS] To CMP-10040-000012-1[PTS840 GKP SMTR LFS] in USB.SchDoc
Replace Part U4 XC7Z010-1CLG225C in D:\EEET 2022\SEM 2\Capstone B\PlutoV2\capstone\USB.SchDoc with XC7Z010-1CLG225C from XC7Z010-1CLG225C.IntLib
Update Managed Component U9 From CMP-0248-00010-3[FT230XQ-R] To CMP-0248-00010-3[FT230XQ-R] in USB.SchDoc
Replace Part U10 74LVC1G126GW,125 in D:\EEET 2022\SEM 2\Capstone B\PlutoV2\capstone\USB.SchDoc with 74LVC1G126GW,125 from SamacSys.SchLib
Update Managed Component U15 From CMP-0186-00335-1[USB3320C-EZK] To CMP-0186-00335-1[USB3320C-EZK] in USB.SchDoc
Replace Part Y1 ASDMB-24.000MHZ-LC-T in D:\EEET 2022\SEM 2\Capstone B\PlutoV2\capstone\USB.SchDoc with ASDMB-24.000MHZ-LC-T from ASDMB-24.000MHZ-LC-T.IntLib
Replace Part Y2 ASDMB-24.000MHZ-LC-T in D:\EEET 2022\SEM 2\Capstone B\PlutoV2\capstone\USB.SchDoc with ASDMB-24.000MHZ-LC-T from ASDMB-24.000MHZ-LC-T.IntLib
