Update Managed Component C103 From CMP-2000-06498-1[47uF] To CMP-2000-06498-1[JMK212BJ476MG-T] in ZYNQ 34_35 and QPSI.SchDoc
Update Managed Component C104 From CMP-2000-06498-1[47uF] To CMP-2000-06498-1[JMK212BJ476MG-T] in ZYNQ 34_35 and QPSI.SchDoc
Update Managed Component C105 From CMP-2000-05437-2[4.7uF] To CMP-2000-05437-2[C1005X5R0J475K050BC] in ZYNQ 34_35 and QPSI.SchDoc
Update Managed Component C106 From CMP-2000-05437-2[4.7uF] To CMP-2000-05437-2[C1005X5R0J475K050BC] in ZYNQ 34_35 and QPSI.SchDoc
Update Managed Component C107 From CMP-2000-05437-2[4.7uF] To CMP-2000-05437-2[C1005X5R0J475K050BC] in ZYNQ 34_35 and QPSI.SchDoc
Update Managed Component C108 From CMP-2000-05437-2[4.7uF] To CMP-2000-05437-2[C1005X5R0J475K050BC] in ZYNQ 34_35 and QPSI.SchDoc
Update Managed Component C109 From CMP-2000-05437-2[0.47uF] To CMP-2000-05437-2[C1005X5R0J475K050BC] in ZYNQ 34_35 and QPSI.SchDoc
Update Managed Component C110 From CMP-2000-05437-2[0.47uF] To CMP-2000-05437-2[C1005X5R0J475K050BC] in ZYNQ 34_35 and QPSI.SchDoc
Update Managed Component C111 From CMP-2000-05437-2[0.47uF] To CMP-2000-05437-2[C1005X5R0J475K050BC] in ZYNQ 34_35 and QPSI.SchDoc
Update Managed Component C112 From CMP-2000-05437-2[0.47uF] To CMP-2000-05437-2[C1005X5R0J475K050BC] in ZYNQ 34_35 and QPSI.SchDoc
Update Managed Component C113 From CMP-2000-05437-2[0.47uF] To CMP-2000-05437-2[C1005X5R0J475K050BC] in ZYNQ 34_35 and QPSI.SchDoc
Update Managed Component C114 From CMP-2000-05437-2[0.47uF] To CMP-2000-05437-2[C1005X5R0J475K050BC] in ZYNQ 34_35 and QPSI.SchDoc
Update Managed Component C115 From CMP-2000-05437-2[0.47uF] To CMP-2000-05437-2[C1005X5R0J475K050BC] in ZYNQ 34_35 and QPSI.SchDoc
Update Managed Component C116 From CMP-2000-05437-2[0.47uF] To CMP-2000-05437-2[C1005X5R0J475K050BC] in ZYNQ 34_35 and QPSI.SchDoc
Replace Part C117 GRM033R61C104ME84D in D:\EEET 2022\SEM 2\Capstone B\PlutoV2\capstone\ZYNQ 34_35 and QPSI.SchDoc with GRM033R61C104ME84D from GRM033R61C104ME84D.IntLib
Replace Part C118 GRM033R61C104ME84D in D:\EEET 2022\SEM 2\Capstone B\PlutoV2\capstone\ZYNQ 34_35 and QPSI.SchDoc with GRM033R61C104ME84D from GRM033R61C104ME84D.IntLib
Replace Part C119 GRM033R71A103KA01D in D:\EEET 2022\SEM 2\Capstone B\PlutoV2\capstone\ZYNQ 34_35 and QPSI.SchDoc with GRM033R71A103KA01D from GRM033R71A103KA01D.IntLib
Replace Part C120 GRM033R71A103KA01D in D:\EEET 2022\SEM 2\Capstone B\PlutoV2\capstone\ZYNQ 34_35 and QPSI.SchDoc with GRM033R71A103KA01D from GRM033R71A103KA01D.IntLib
Replace Part R14 ERJ2RK in D:\EEET 2022\SEM 2\Capstone B\PlutoV2\capstone\ZYNQ 34_35 and QPSI.SchDoc with ERJ2RK from Panasonic Resistor.IntLib
Replace Part R68 CRCW04022K20FKEDC in D:\EEET 2022\SEM 2\Capstone B\PlutoV2\capstone\ZYNQ 34_35 and QPSI.SchDoc with CRCW04022K20FKEDC from CRCW04022K20FKEDC.IntLib
Replace Part R97 CRCW04022K20FKEDC in D:\EEET 2022\SEM 2\Capstone B\PlutoV2\capstone\ZYNQ 34_35 and QPSI.SchDoc with CRCW04022K20FKEDC from CRCW04022K20FKEDC.IntLib
Replace Part R116 ERJ2RK in D:\EEET 2022\SEM 2\Capstone B\PlutoV2\capstone\ZYNQ 34_35 and QPSI.SchDoc with ERJ2RK from Panasonic Resistor.IntLib
Replace Part R119 ERJ2RK in D:\EEET 2022\SEM 2\Capstone B\PlutoV2\capstone\ZYNQ 34_35 and QPSI.SchDoc with ERJ2RK from Panasonic Resistor.IntLib
Replace Part R120 ERJ2RK in D:\EEET 2022\SEM 2\Capstone B\PlutoV2\capstone\ZYNQ 34_35 and QPSI.SchDoc with ERJ2RK from Panasonic Resistor.IntLib
Replace Part R121 ERJ2RK in D:\EEET 2022\SEM 2\Capstone B\PlutoV2\capstone\ZYNQ 34_35 and QPSI.SchDoc with ERJ2RK from Panasonic Resistor.IntLib
Replace Part R122 ERJ2RK in D:\EEET 2022\SEM 2\Capstone B\PlutoV2\capstone\ZYNQ 34_35 and QPSI.SchDoc with ERJ2RK from Panasonic Resistor.IntLib
Replace Part U4 XC7Z010-1CLG225C in D:\EEET 2022\SEM 2\Capstone B\PlutoV2\capstone\ZYNQ 34_35 and QPSI.SchDoc with XC7Z010-1CLG225C from XC7Z010-1CLG225C.IntLib
Replace Part U4 XC7Z010-1CLG225C in D:\EEET 2022\SEM 2\Capstone B\PlutoV2\capstone\ZYNQ 34_35 and QPSI.SchDoc with XC7Z010-1CLG225C from XC7Z010-1CLG225C.IntLib
Replace Part U13 Component_1 in D:\EEET 2022\SEM 2\Capstone B\PlutoV2\capstone\ZYNQ 34_35 and QPSI.SchDoc with Component_1 from RINALDOSCHEMS.SchLib
