Update Managed Component C49 From CMP-1662-00011-2[100uF] To CMP-1662-00011-2[GRM31CR60J107ME39L] in ZYNQ JTAG and Decoupling.SchDoc
Update Managed Component C50 From CMP-2000-05437-2[4.7uF] To CMP-2000-05437-2[C1005X5R0J475K050BC] in ZYNQ JTAG and Decoupling.SchDoc
Update Managed Component C51 From CMP-2000-05437-2[0.47uF] To CMP-2000-05437-2[C1005X5R0J475K050BC] in ZYNQ JTAG and Decoupling.SchDoc
Replace Part C52 GRM033R61C104ME84D in D:\EEET 2022\SEM 2\Capstone B\PlutoV2\capstone\ZYNQ JTAG and Decoupling.SchDoc with GRM033R61C104ME84D from GRM033R61C104ME84D.IntLib
Replace Part C53 GRM033R71A103KA01D in D:\EEET 2022\SEM 2\Capstone B\PlutoV2\capstone\ZYNQ JTAG and Decoupling.SchDoc with GRM033R71A103KA01D from GRM033R71A103KA01D.IntLib
Update Managed Component C54 From CMP-1662-00011-2[100uF] To CMP-1662-00011-2[GRM31CR60J107ME39L] in ZYNQ JTAG and Decoupling.SchDoc
Update Managed Component C55 From CMP-2000-05437-2[4.7uF] To CMP-2000-05437-2[C1005X5R0J475K050BC] in ZYNQ JTAG and Decoupling.SchDoc
Update Managed Component C56 From CMP-2000-05437-2[0.47uF] To CMP-2000-05437-2[C1005X5R0J475K050BC] in ZYNQ JTAG and Decoupling.SchDoc
Update Managed Component C57 From CMP-2000-05437-2[0.47uF] To CMP-2000-05437-2[C1005X5R0J475K050BC] in ZYNQ JTAG and Decoupling.SchDoc
Update Managed Component C58 From CMP-2000-05437-2[0.47uF] To CMP-2000-05437-2[C1005X5R0J475K050BC] in ZYNQ JTAG and Decoupling.SchDoc
Update Managed Component C59 From CMP-2000-05437-2[0.47uF] To CMP-2000-05437-2[C1005X5R0J475K050BC] in ZYNQ JTAG and Decoupling.SchDoc
Replace Part C60 GRM033R61C104ME84D in D:\EEET 2022\SEM 2\Capstone B\PlutoV2\capstone\ZYNQ JTAG and Decoupling.SchDoc with GRM033R61C104ME84D from GRM033R61C104ME84D.IntLib
Replace Part C61 GRM033R71A103KA01D in D:\EEET 2022\SEM 2\Capstone B\PlutoV2\capstone\ZYNQ JTAG and Decoupling.SchDoc with GRM033R71A103KA01D from GRM033R71A103KA01D.IntLib
Update Managed Component C64 From CMP-1662-00011-2[100uF] To CMP-1662-00011-2[GRM31CR60J107ME39L] in ZYNQ JTAG and Decoupling.SchDoc
Update Managed Component C65 From CMP-2000-06498-1[47uF] To CMP-2000-06498-1[JMK212BJ476MG-T] in ZYNQ JTAG and Decoupling.SchDoc
Update Managed Component C66 From CMP-2000-05437-2[4.7uF] To CMP-2000-05437-2[C1005X5R0J475K050BC] in ZYNQ JTAG and Decoupling.SchDoc
Update Managed Component C67 From CMP-2000-05437-2[4.7uF] To CMP-2000-05437-2[C1005X5R0J475K050BC] in ZYNQ JTAG and Decoupling.SchDoc
Update Managed Component C68 From CMP-2000-05437-2[0.47uF] To CMP-2000-05437-2[C1005X5R0J475K050BC] in ZYNQ JTAG and Decoupling.SchDoc
Update Managed Component C69 From CMP-2000-05437-2[0.47uF] To CMP-2000-05437-2[C1005X5R0J475K050BC] in ZYNQ JTAG and Decoupling.SchDoc
Update Managed Component C70 From CMP-2000-05437-2[0.47uF] To CMP-2000-05437-2[C1005X5R0J475K050BC] in ZYNQ JTAG and Decoupling.SchDoc
Update Managed Component C71 From CMP-1662-00011-2[100uF] To CMP-1662-00011-2[GRM31CR60J107ME39L] in ZYNQ JTAG and Decoupling.SchDoc
Update Managed Component C72 From CMP-2000-05437-2[0.47uF] To CMP-2000-05437-2[C1005X5R0J475K050BC] in ZYNQ JTAG and Decoupling.SchDoc
Update Managed Component C73 From CMP-2000-05437-2[4.7uF] To CMP-2000-05437-2[C1005X5R0J475K050BC] in ZYNQ JTAG and Decoupling.SchDoc
Update Managed Component C74 From CMP-2000-05437-2[0.47uF] To CMP-2000-05437-2[C1005X5R0J475K050BC] in ZYNQ JTAG and Decoupling.SchDoc
Update Managed Component C75 From CMP-2000-05437-2[0.47uF] To CMP-2000-05437-2[C1005X5R0J475K050BC] in ZYNQ JTAG and Decoupling.SchDoc
Update Managed Component C76 From CMP-1662-00011-2[100uF] To CMP-1662-00011-2[GRM31CR60J107ME39L] in ZYNQ JTAG and Decoupling.SchDoc
Update Managed Component C78 From CMP-2000-05437-2[4.7uF] To CMP-2000-05437-2[C1005X5R0J475K050BC] in ZYNQ JTAG and Decoupling.SchDoc
Update Managed Component C85 From CMP-2000-06498-1[47uF] To CMP-2000-06498-1[JMK212BJ476MG-T] in ZYNQ JTAG and Decoupling.SchDoc
Update Managed Component C90 From CMP-2000-05437-2[0.47uF] To CMP-2000-05437-2[C1005X5R0J475K050BC] in ZYNQ JTAG and Decoupling.SchDoc
Update Managed Component C93 From CMP-2000-05437-2[0.47uF] To CMP-2000-05437-2[C1005X5R0J475K050BC] in ZYNQ JTAG and Decoupling.SchDoc
Replace Part C98 GRM033R61C104ME84D in D:\EEET 2022\SEM 2\Capstone B\PlutoV2\capstone\ZYNQ JTAG and Decoupling.SchDoc with GRM033R61C104ME84D from GRM033R61C104ME84D.IntLib
Update Managed Component C174 From CMP-2000-05437-2[4.7uF] To CMP-2000-05437-2[C1005X5R0J475K050BC] in ZYNQ JTAG and Decoupling.SchDoc
Update Managed Component C178 From CMP-2000-05437-2[0.47uF] To CMP-2000-05437-2[C1005X5R0J475K050BC] in ZYNQ JTAG and Decoupling.SchDoc
Replace Part DS1 LED3 in D:\EEET 2022\SEM 2\Capstone B\PlutoV2\capstone\ZYNQ JTAG and Decoupling.SchDoc with LED3 from Miscellaneous Devices.IntLib
Replace Part DS2 LED3 in D:\EEET 2022\SEM 2\Capstone B\PlutoV2\capstone\ZYNQ JTAG and Decoupling.SchDoc with LED3 from Miscellaneous Devices.IntLib
Update Managed Component E1 From CMP-2000-05399-1[100OHM FERRITE] To CMP-2000-05399-1[MPZ2012S101A] in ZYNQ JTAG and Decoupling.SchDoc
Update Managed Component E5 From CMP-2000-05399-1[100OHM FERRITE] To CMP-2000-05399-1[MPZ2012S101A] in ZYNQ JTAG and Decoupling.SchDoc
Update Managed Component E6 From CMP-2000-05399-1[100OHM FERRITE] To CMP-2000-05399-1[MPZ2012S101A] in ZYNQ JTAG and Decoupling.SchDoc
Update Managed Component Q1 From CMP-1058-00767-1[BSS138LT1G] To CMP-1058-00767-1[BSS138LT1G] in ZYNQ JTAG and Decoupling.SchDoc
Update Managed Component Q4 From CMP-1058-00767-1[BSS138LT1G] To CMP-1058-00767-1[BSS138LT1G] in ZYNQ JTAG and Decoupling.SchDoc
Replace Part R11 ERJ2RK in D:\EEET 2022\SEM 2\Capstone B\PlutoV2\capstone\ZYNQ JTAG and Decoupling.SchDoc with ERJ2RK from Panasonic Resistor.IntLib
Update Managed Component R45 From CMP-2002-05896-1[0] To CMP-2002-05896-1[MC00625W040210R] in ZYNQ JTAG and Decoupling.SchDoc
Replace Part R46 ERJ2RK in D:\EEET 2022\SEM 2\Capstone B\PlutoV2\capstone\ZYNQ JTAG and Decoupling.SchDoc with ERJ2RK from Panasonic Resistor.IntLib
Replace Part R47 ERJ2RK in D:\EEET 2022\SEM 2\Capstone B\PlutoV2\capstone\ZYNQ JTAG and Decoupling.SchDoc with ERJ2RK from Panasonic Resistor.IntLib
Replace Part R48 ERJ2GE in D:\EEET 2022\SEM 2\Capstone B\PlutoV2\capstone\ZYNQ JTAG and Decoupling.SchDoc with ERJ2GE from Panasonic Resistor.IntLib
Replace Part R66 ERJ2RK in D:\EEET 2022\SEM 2\Capstone B\PlutoV2\capstone\ZYNQ JTAG and Decoupling.SchDoc with ERJ2RK from Panasonic Resistor.IntLib
Replace Part R75 ERJ2RK in D:\EEET 2022\SEM 2\Capstone B\PlutoV2\capstone\ZYNQ JTAG and Decoupling.SchDoc with ERJ2RK from Panasonic Resistor.IntLib
Replace Part R87 ERJ2GE in D:\EEET 2022\SEM 2\Capstone B\PlutoV2\capstone\ZYNQ JTAG and Decoupling.SchDoc with ERJ2GE from Panasonic Resistor.IntLib
Replace Part R91 ERJ2RK in D:\EEET 2022\SEM 2\Capstone B\PlutoV2\capstone\ZYNQ JTAG and Decoupling.SchDoc with ERJ2RK from Panasonic Resistor.IntLib
Replace Part U4 XC7Z010-1CLG225C in D:\EEET 2022\SEM 2\Capstone B\PlutoV2\capstone\ZYNQ JTAG and Decoupling.SchDoc with XC7Z010-1CLG225C from XC7Z010-1CLG225C.IntLib
Replace Part U4 XC7Z010-1CLG225C in D:\EEET 2022\SEM 2\Capstone B\PlutoV2\capstone\ZYNQ JTAG and Decoupling.SchDoc with XC7Z010-1CLG225C from XC7Z010-1CLG225C.IntLib
